<?xml version="1.0" encoding="UTF-8"?>
<!-- Generated by org.testng.reporters.JUnitReportReporter -->
<testsuite skipped="0" hostname="LAPTOP-D2GVCL39" name="KTCTC.regression.WebTablesTest" tests="6" failures="0" timestamp="2021-05-02T14:21:30 IST" time="17.824" errors="0">
  <testcase name="verfiyNavigationToWebTablePageAndInitialiseData" time="0.327" classname="KTCTC.regression.WebTablesTest"/>
  <system-out/>
  <testcase name="verifyNewUserCanBeAddedOnWebTablePage" time="2.806" classname="KTCTC.regression.WebTablesTest"/>
  <system-out/>
  <testcase name="verifyAllDetailsOfAddedUser" time="0.600" classname="KTCTC.regression.WebTablesTest"/>
  <system-out/>
  <testcase name="verifyExistingUserDetailsCanBeEditedOnWebTablePage" time="2.817" classname="KTCTC.regression.WebTablesTest"/>
  <system-out/>
  <testcase name="verifyAllDetailsOfEditedUser" time="0.520" classname="KTCTC.regression.WebTablesTest"/>
  <system-out/>
  <testcase name="verifyExistingUserCanBeDeletedOnWebTablePage" time="10.754" classname="KTCTC.regression.WebTablesTest"/>
  <system-out/>
</testsuite> <!-- KTCTC.regression.WebTablesTest -->
