<?xml version="1.0" encoding="UTF-8"?>
<!-- Generated by org.testng.reporters.JUnitReportReporter -->
<testsuite skipped="0" hostname="LAPTOP-D2GVCL39" name="KTCTC.regression.WebTablesTest" tests="6" failures="0" timestamp="2021-05-02T20:50:58 IST" time="17.895" errors="0">
  <testcase name="verfiyNavigationToWebTablePageAndInitialiseData" time="0.413" classname="KTCTC.regression.WebTablesTest"/>
  <system-out/>
  <testcase name="verifyNewUserCanBeAddedOnWebTablePage" time="2.901" classname="KTCTC.regression.WebTablesTest"/>
  <system-out/>
  <testcase name="verifyAllDetailsOfAddedUser" time="0.514" classname="KTCTC.regression.WebTablesTest"/>
  <system-out/>
  <testcase name="verifyExistingUserDetailsCanBeEditedOnWebTablePage" time="2.812" classname="KTCTC.regression.WebTablesTest"/>
  <system-out/>
  <testcase name="verifyAllDetailsOfEditedUser" time="0.488" classname="KTCTC.regression.WebTablesTest"/>
  <system-out/>
  <testcase name="verifyExistingUserCanBeDeletedOnWebTablePage" time="10.767" classname="KTCTC.regression.WebTablesTest"/>
  <system-out/>
</testsuite> <!-- KTCTC.regression.WebTablesTest -->
